1591271261636|7|statement|connection 0|url jdbc:p6spy:mysql://localhost:3306/student-system?useSSL=false&serverTimezone=CTT&characterEncoding=UTF-8|select * from t_student;|select * from t_student;
1591271261664|0|statement|connection 0|url jdbc:p6spy:mysql://localhost:3306/student-system?useSSL=false&serverTimezone=CTT&characterEncoding=UTF-8|select * from t_student_tag where studentid=?;|select * from t_student_tag where studentid=4;
1591271261667|0|statement|connection 0|url jdbc:p6spy:mysql://localhost:3306/student-system?useSSL=false&serverTimezone=CTT&characterEncoding=UTF-8|SELECT id,name,type,createTime FROM t_tag WHERE id=? |SELECT id,name,type,createTime FROM t_tag WHERE id=5 
1591271261670|0|statement|connection 0|url jdbc:p6spy:mysql://localhost:3306/student-system?useSSL=false&serverTimezone=CTT&characterEncoding=UTF-8|SELECT id,name,createTime,numbers FROM t_city WHERE id=? |SELECT id,name,createTime,numbers FROM t_city WHERE id=2 
1591271261686|12|statement|connection 0|url jdbc:p6spy:mysql://localhost:3306/student-system?useSSL=false&serverTimezone=CTT&characterEncoding=UTF-8|SELECT id,name,content,clazzId,clazzName FROM t_group WHERE id=? |SELECT id,name,content,clazzId,clazzName FROM t_group WHERE id=5 
1591271261738|0|rollback|connection 0|url jdbc:p6spy:mysql://localhost:3306/student-system?useSSL=false&serverTimezone=CTT&characterEncoding=UTF-8||
1591271888345|5|statement|connection 0|url jdbc:p6spy:mysql://localhost:3306/student-system?useSSL=false&serverTimezone=CTT&characterEncoding=UTF-8|select * from t_student;|select * from t_student;
1591271888365|0|statement|connection 0|url jdbc:p6spy:mysql://localhost:3306/student-system?useSSL=false&serverTimezone=CTT&characterEncoding=UTF-8|select * from t_student_tag where studentid=?;|select * from t_student_tag where studentid=4;
1591271888367|0|statement|connection 0|url jdbc:p6spy:mysql://localhost:3306/student-system?useSSL=false&serverTimezone=CTT&characterEncoding=UTF-8|SELECT id,name,type,createTime FROM t_tag WHERE id=? |SELECT id,name,type,createTime FROM t_tag WHERE id=5 
1591271888369|0|statement|connection 0|url jdbc:p6spy:mysql://localhost:3306/student-system?useSSL=false&serverTimezone=CTT&characterEncoding=UTF-8|SELECT id,name,createTime,numbers FROM t_city WHERE id=? |SELECT id,name,createTime,numbers FROM t_city WHERE id=2 
1591271888371|0|statement|connection 0|url jdbc:p6spy:mysql://localhost:3306/student-system?useSSL=false&serverTimezone=CTT&characterEncoding=UTF-8|select name from t_group where id=?;|select name from t_group where id=5;
1591271888382|9|statement|connection 0|url jdbc:p6spy:mysql://localhost:3306/student-system?useSSL=false&serverTimezone=CTT&characterEncoding=UTF-8|SELECT id,name,tagId,tag FROM t_clazz WHERE id=? |SELECT id,name,tagId,tag FROM t_clazz WHERE id=2 
1591271888415|0|rollback|connection 0|url jdbc:p6spy:mysql://localhost:3306/student-system?useSSL=false&serverTimezone=CTT&characterEncoding=UTF-8||
1591272150757|5|statement|connection 0|url jdbc:p6spy:mysql://localhost:3306/student-system?useSSL=false&serverTimezone=CTT&characterEncoding=UTF-8|select * from t_student;|select * from t_student;
1591272150776|0|statement|connection 0|url jdbc:p6spy:mysql://localhost:3306/student-system?useSSL=false&serverTimezone=CTT&characterEncoding=UTF-8|select * from t_student_tag where studentid=?;|select * from t_student_tag where studentid=4;
1591272150776|0|statement|connection 0|url jdbc:p6spy:mysql://localhost:3306/student-system?useSSL=false&serverTimezone=CTT&characterEncoding=UTF-8|SELECT id,name,type,createTime FROM t_tag WHERE id=? |SELECT id,name,type,createTime FROM t_tag WHERE id=5 
1591272150776|0|statement|connection 0|url jdbc:p6spy:mysql://localhost:3306/student-system?useSSL=false&serverTimezone=CTT&characterEncoding=UTF-8|SELECT id,name,createTime,numbers FROM t_city WHERE id=? |SELECT id,name,createTime,numbers FROM t_city WHERE id=2 
1591272150776|0|statement|connection 0|url jdbc:p6spy:mysql://localhost:3306/student-system?useSSL=false&serverTimezone=CTT&characterEncoding=UTF-8|select name from t_group where id=?;|select name from t_group where id=5;
1591272150776|0|statement|connection 0|url jdbc:p6spy:mysql://localhost:3306/student-system?useSSL=false&serverTimezone=CTT&characterEncoding=UTF-8|select name from t_clazz where  id=?;|select name from t_clazz where  id=2;
1591272150786|0|statement|connection 0|url jdbc:p6spy:mysql://localhost:3306/student-system?useSSL=false&serverTimezone=CTT&characterEncoding=UTF-8|select * from t_student_tag where studentid=?;|select * from t_student_tag where studentid=5;
1591272150786|0|statement|connection 0|url jdbc:p6spy:mysql://localhost:3306/student-system?useSSL=false&serverTimezone=CTT&characterEncoding=UTF-8|SELECT id,name,type,createTime FROM t_tag WHERE id=? |SELECT id,name,type,createTime FROM t_tag WHERE id=1 
1591272150786|0|statement|connection 0|url jdbc:p6spy:mysql://localhost:3306/student-system?useSSL=false&serverTimezone=CTT&characterEncoding=UTF-8|SELECT id,name,createTime,numbers FROM t_city WHERE id=? |SELECT id,name,createTime,numbers FROM t_city WHERE id=1 
1591272150786|0|statement|connection 0|url jdbc:p6spy:mysql://localhost:3306/student-system?useSSL=false&serverTimezone=CTT&characterEncoding=UTF-8|select name from t_group where id=?;|select name from t_group where id=1;
1591272150786|0|statement|connection 0|url jdbc:p6spy:mysql://localhost:3306/student-system?useSSL=false&serverTimezone=CTT&characterEncoding=UTF-8|select name from t_clazz where  id=?;|select name from t_clazz where  id=1;
1591272150786|0|statement|connection 0|url jdbc:p6spy:mysql://localhost:3306/student-system?useSSL=false&serverTimezone=CTT&characterEncoding=UTF-8|select * from t_student_tag where studentid=?;|select * from t_student_tag where studentid=6;
1591272150786|0|statement|connection 0|url jdbc:p6spy:mysql://localhost:3306/student-system?useSSL=false&serverTimezone=CTT&characterEncoding=UTF-8|SELECT id,name,type,createTime FROM t_tag WHERE id=? |SELECT id,name,type,createTime FROM t_tag WHERE id=2 
1591272150797|0|statement|connection 0|url jdbc:p6spy:mysql://localhost:3306/student-system?useSSL=false&serverTimezone=CTT&characterEncoding=UTF-8|select * from t_student_tag where studentid=?;|select * from t_student_tag where studentid=7;
1591272150799|0|commit|connection 0|url jdbc:p6spy:mysql://localhost:3306/student-system?useSSL=false&serverTimezone=CTT&characterEncoding=UTF-8||
1591272208548|0|statement|connection 0|url jdbc:p6spy:mysql://localhost:3306/student-system?useSSL=false&serverTimezone=CTT&characterEncoding=UTF-8|select * from t_student;|select * from t_student;
1591272208554|0|statement|connection 0|url jdbc:p6spy:mysql://localhost:3306/student-system?useSSL=false&serverTimezone=CTT&characterEncoding=UTF-8|select * from t_student_tag where studentid=?;|select * from t_student_tag where studentid=4;
1591272208556|0|statement|connection 0|url jdbc:p6spy:mysql://localhost:3306/student-system?useSSL=false&serverTimezone=CTT&characterEncoding=UTF-8|SELECT id,name,type,createTime FROM t_tag WHERE id=? |SELECT id,name,type,createTime FROM t_tag WHERE id=5 
1591272208559|0|statement|connection 0|url jdbc:p6spy:mysql://localhost:3306/student-system?useSSL=false&serverTimezone=CTT&characterEncoding=UTF-8|SELECT id,name,createTime,numbers FROM t_city WHERE id=? |SELECT id,name,createTime,numbers FROM t_city WHERE id=2 
1591272208561|0|statement|connection 0|url jdbc:p6spy:mysql://localhost:3306/student-system?useSSL=false&serverTimezone=CTT&characterEncoding=UTF-8|select name from t_group where id=?;|select name from t_group where id=5;
1591272208565|0|statement|connection 0|url jdbc:p6spy:mysql://localhost:3306/student-system?useSSL=false&serverTimezone=CTT&characterEncoding=UTF-8|select name from t_clazz where  id=?;|select name from t_clazz where  id=2;
1591272208568|0|statement|connection 0|url jdbc:p6spy:mysql://localhost:3306/student-system?useSSL=false&serverTimezone=CTT&characterEncoding=UTF-8|select * from t_student_tag where studentid=?;|select * from t_student_tag where studentid=5;
1591272208569|0|statement|connection 0|url jdbc:p6spy:mysql://localhost:3306/student-system?useSSL=false&serverTimezone=CTT&characterEncoding=UTF-8|SELECT id,name,type,createTime FROM t_tag WHERE id=? |SELECT id,name,type,createTime FROM t_tag WHERE id=1 
1591272208571|0|statement|connection 0|url jdbc:p6spy:mysql://localhost:3306/student-system?useSSL=false&serverTimezone=CTT&characterEncoding=UTF-8|SELECT id,name,createTime,numbers FROM t_city WHERE id=? |SELECT id,name,createTime,numbers FROM t_city WHERE id=1 
1591272208573|0|statement|connection 0|url jdbc:p6spy:mysql://localhost:3306/student-system?useSSL=false&serverTimezone=CTT&characterEncoding=UTF-8|select name from t_group where id=?;|select name from t_group where id=1;
1591272208575|0|statement|connection 0|url jdbc:p6spy:mysql://localhost:3306/student-system?useSSL=false&serverTimezone=CTT&characterEncoding=UTF-8|select name from t_clazz where  id=?;|select name from t_clazz where  id=1;
1591272208577|0|statement|connection 0|url jdbc:p6spy:mysql://localhost:3306/student-system?useSSL=false&serverTimezone=CTT&characterEncoding=UTF-8|select * from t_student_tag where studentid=?;|select * from t_student_tag where studentid=6;
1591272208578|0|statement|connection 0|url jdbc:p6spy:mysql://localhost:3306/student-system?useSSL=false&serverTimezone=CTT&characterEncoding=UTF-8|SELECT id,name,type,createTime FROM t_tag WHERE id=? |SELECT id,name,type,createTime FROM t_tag WHERE id=2 
1591272208581|0|statement|connection 0|url jdbc:p6spy:mysql://localhost:3306/student-system?useSSL=false&serverTimezone=CTT&characterEncoding=UTF-8|select * from t_student_tag where studentid=?;|select * from t_student_tag where studentid=7;
1591272208582|0|commit|connection 0|url jdbc:p6spy:mysql://localhost:3306/student-system?useSSL=false&serverTimezone=CTT&characterEncoding=UTF-8||
1591272214229|0|statement|connection 0|url jdbc:p6spy:mysql://localhost:3306/student-system?useSSL=false&serverTimezone=CTT&characterEncoding=UTF-8|select c.*,t.name tname             from t_group c             left join t_clazz t             on c.clazzid = t.id;|select c.*,t.name tname             from t_group c             left join t_clazz t             on c.clazzid = t.id;
1591272214230|0|commit|connection 0|url jdbc:p6spy:mysql://localhost:3306/student-system?useSSL=false&serverTimezone=CTT&characterEncoding=UTF-8||
1591272214368|0|statement|connection 0|url jdbc:p6spy:mysql://localhost:3306/student-system?useSSL=false&serverTimezone=CTT&characterEncoding=UTF-8|SELECT 	    c.*, t.id tid,         t.NAME tname,         t.createtime,         t.type         FROM         t_clazz c         LEFT JOIN t_tag t ON c.tagid = t.id|SELECT 	    c.*, t.id tid,         t.NAME tname,         t.createtime,         t.type         FROM         t_clazz c         LEFT JOIN t_tag t ON c.tagid = t.id
1591272214370|0|commit|connection 0|url jdbc:p6spy:mysql://localhost:3306/student-system?useSSL=false&serverTimezone=CTT&characterEncoding=UTF-8||
1591272216042|0|statement|connection 0|url jdbc:p6spy:mysql://localhost:3306/student-system?useSSL=false&serverTimezone=CTT&characterEncoding=UTF-8|select * from t_student;|select * from t_student;
1591272216044|0|statement|connection 0|url jdbc:p6spy:mysql://localhost:3306/student-system?useSSL=false&serverTimezone=CTT&characterEncoding=UTF-8|select * from t_student_tag where studentid=?;|select * from t_student_tag where studentid=4;
1591272216045|0|statement|connection 0|url jdbc:p6spy:mysql://localhost:3306/student-system?useSSL=false&serverTimezone=CTT&characterEncoding=UTF-8|SELECT id,name,type,createTime FROM t_tag WHERE id=? |SELECT id,name,type,createTime FROM t_tag WHERE id=5 
1591272216047|0|statement|connection 0|url jdbc:p6spy:mysql://localhost:3306/student-system?useSSL=false&serverTimezone=CTT&characterEncoding=UTF-8|SELECT id,name,createTime,numbers FROM t_city WHERE id=? |SELECT id,name,createTime,numbers FROM t_city WHERE id=2 
1591272216048|0|statement|connection 0|url jdbc:p6spy:mysql://localhost:3306/student-system?useSSL=false&serverTimezone=CTT&characterEncoding=UTF-8|select name from t_group where id=?;|select name from t_group where id=5;
1591272216049|0|statement|connection 0|url jdbc:p6spy:mysql://localhost:3306/student-system?useSSL=false&serverTimezone=CTT&characterEncoding=UTF-8|select name from t_clazz where  id=?;|select name from t_clazz where  id=2;
1591272216050|0|statement|connection 0|url jdbc:p6spy:mysql://localhost:3306/student-system?useSSL=false&serverTimezone=CTT&characterEncoding=UTF-8|select * from t_student_tag where studentid=?;|select * from t_student_tag where studentid=5;
1591272216051|0|statement|connection 0|url jdbc:p6spy:mysql://localhost:3306/student-system?useSSL=false&serverTimezone=CTT&characterEncoding=UTF-8|SELECT id,name,type,createTime FROM t_tag WHERE id=? |SELECT id,name,type,createTime FROM t_tag WHERE id=1 
1591272216053|0|statement|connection 0|url jdbc:p6spy:mysql://localhost:3306/student-system?useSSL=false&serverTimezone=CTT&characterEncoding=UTF-8|SELECT id,name,createTime,numbers FROM t_city WHERE id=? |SELECT id,name,createTime,numbers FROM t_city WHERE id=1 
1591272216055|0|statement|connection 0|url jdbc:p6spy:mysql://localhost:3306/student-system?useSSL=false&serverTimezone=CTT&characterEncoding=UTF-8|select name from t_group where id=?;|select name from t_group where id=1;
1591272216057|0|statement|connection 0|url jdbc:p6spy:mysql://localhost:3306/student-system?useSSL=false&serverTimezone=CTT&characterEncoding=UTF-8|select name from t_clazz where  id=?;|select name from t_clazz where  id=1;
1591272216058|0|statement|connection 0|url jdbc:p6spy:mysql://localhost:3306/student-system?useSSL=false&serverTimezone=CTT&characterEncoding=UTF-8|select * from t_student_tag where studentid=?;|select * from t_student_tag where studentid=6;
1591272216059|0|statement|connection 0|url jdbc:p6spy:mysql://localhost:3306/student-system?useSSL=false&serverTimezone=CTT&characterEncoding=UTF-8|SELECT id,name,type,createTime FROM t_tag WHERE id=? |SELECT id,name,type,createTime FROM t_tag WHERE id=2 
1591272216062|0|statement|connection 0|url jdbc:p6spy:mysql://localhost:3306/student-system?useSSL=false&serverTimezone=CTT&characterEncoding=UTF-8|select * from t_student_tag where studentid=?;|select * from t_student_tag where studentid=7;
1591272216062|0|commit|connection 0|url jdbc:p6spy:mysql://localhost:3306/student-system?useSSL=false&serverTimezone=CTT&characterEncoding=UTF-8||
1591272233578|0|statement|connection 0|url jdbc:p6spy:mysql://localhost:3306/student-system?useSSL=false&serverTimezone=CTT&characterEncoding=UTF-8|select * from t_student;|select * from t_student;
1591272233582|0|statement|connection 0|url jdbc:p6spy:mysql://localhost:3306/student-system?useSSL=false&serverTimezone=CTT&characterEncoding=UTF-8|select * from t_student_tag where studentid=?;|select * from t_student_tag where studentid=4;
1591272233583|0|statement|connection 0|url jdbc:p6spy:mysql://localhost:3306/student-system?useSSL=false&serverTimezone=CTT&characterEncoding=UTF-8|SELECT id,name,type,createTime FROM t_tag WHERE id=? |SELECT id,name,type,createTime FROM t_tag WHERE id=5 
1591272233585|0|statement|connection 0|url jdbc:p6spy:mysql://localhost:3306/student-system?useSSL=false&serverTimezone=CTT&characterEncoding=UTF-8|SELECT id,name,createTime,numbers FROM t_city WHERE id=? |SELECT id,name,createTime,numbers FROM t_city WHERE id=2 
1591272233586|0|statement|connection 0|url jdbc:p6spy:mysql://localhost:3306/student-system?useSSL=false&serverTimezone=CTT&characterEncoding=UTF-8|select name from t_group where id=?;|select name from t_group where id=5;
1591272233587|0|statement|connection 0|url jdbc:p6spy:mysql://localhost:3306/student-system?useSSL=false&serverTimezone=CTT&characterEncoding=UTF-8|select name from t_clazz where  id=?;|select name from t_clazz where  id=2;
1591272233589|0|statement|connection 0|url jdbc:p6spy:mysql://localhost:3306/student-system?useSSL=false&serverTimezone=CTT&characterEncoding=UTF-8|select * from t_student_tag where studentid=?;|select * from t_student_tag where studentid=5;
1591272233590|0|statement|connection 0|url jdbc:p6spy:mysql://localhost:3306/student-system?useSSL=false&serverTimezone=CTT&characterEncoding=UTF-8|SELECT id,name,type,createTime FROM t_tag WHERE id=? |SELECT id,name,type,createTime FROM t_tag WHERE id=1 
1591272233592|0|statement|connection 0|url jdbc:p6spy:mysql://localhost:3306/student-system?useSSL=false&serverTimezone=CTT&characterEncoding=UTF-8|SELECT id,name,createTime,numbers FROM t_city WHERE id=? |SELECT id,name,createTime,numbers FROM t_city WHERE id=1 
1591272233593|0|statement|connection 0|url jdbc:p6spy:mysql://localhost:3306/student-system?useSSL=false&serverTimezone=CTT&characterEncoding=UTF-8|select name from t_group where id=?;|select name from t_group where id=1;
1591272233594|0|statement|connection 0|url jdbc:p6spy:mysql://localhost:3306/student-system?useSSL=false&serverTimezone=CTT&characterEncoding=UTF-8|select name from t_clazz where  id=?;|select name from t_clazz where  id=1;
1591272233596|0|statement|connection 0|url jdbc:p6spy:mysql://localhost:3306/student-system?useSSL=false&serverTimezone=CTT&characterEncoding=UTF-8|select * from t_student_tag where studentid=?;|select * from t_student_tag where studentid=6;
1591272233597|0|statement|connection 0|url jdbc:p6spy:mysql://localhost:3306/student-system?useSSL=false&serverTimezone=CTT&characterEncoding=UTF-8|SELECT id,name,type,createTime FROM t_tag WHERE id=? |SELECT id,name,type,createTime FROM t_tag WHERE id=2 
1591272233601|0|statement|connection 0|url jdbc:p6spy:mysql://localhost:3306/student-system?useSSL=false&serverTimezone=CTT&characterEncoding=UTF-8|select * from t_student_tag where studentid=?;|select * from t_student_tag where studentid=7;
1591272233603|0|commit|connection 0|url jdbc:p6spy:mysql://localhost:3306/student-system?useSSL=false&serverTimezone=CTT&characterEncoding=UTF-8||
1591273518684|0|statement|connection 0|url jdbc:p6spy:mysql://localhost:3306/student-system?useSSL=false&serverTimezone=CTT&characterEncoding=UTF-8|select c.*,t.name tname             from t_group c             left join t_clazz t             on c.clazzid = t.id;|select c.*,t.name tname             from t_group c             left join t_clazz t             on c.clazzid = t.id;
1591273518685|0|commit|connection 0|url jdbc:p6spy:mysql://localhost:3306/student-system?useSSL=false&serverTimezone=CTT&characterEncoding=UTF-8||
1591273518744|0|statement|connection 0|url jdbc:p6spy:mysql://localhost:3306/student-system?useSSL=false&serverTimezone=CTT&characterEncoding=UTF-8|SELECT 	    c.*, t.id tid,         t.NAME tname,         t.createtime,         t.type         FROM         t_clazz c         LEFT JOIN t_tag t ON c.tagid = t.id|SELECT 	    c.*, t.id tid,         t.NAME tname,         t.createtime,         t.type         FROM         t_clazz c         LEFT JOIN t_tag t ON c.tagid = t.id
1591273518745|0|commit|connection 0|url jdbc:p6spy:mysql://localhost:3306/student-system?useSSL=false&serverTimezone=CTT&characterEncoding=UTF-8||
1591273519242|0|statement|connection 0|url jdbc:p6spy:mysql://localhost:3306/student-system?useSSL=false&serverTimezone=CTT&characterEncoding=UTF-8|SELECT 	    c.*, t.id tid,         t.NAME tname,         t.createtime,         t.type         FROM         t_clazz c         LEFT JOIN t_tag t ON c.tagid = t.id|SELECT 	    c.*, t.id tid,         t.NAME tname,         t.createtime,         t.type         FROM         t_clazz c         LEFT JOIN t_tag t ON c.tagid = t.id
1591273519245|0|commit|connection 0|url jdbc:p6spy:mysql://localhost:3306/student-system?useSSL=false&serverTimezone=CTT&characterEncoding=UTF-8||
1591273519375|0|statement|connection 0|url jdbc:p6spy:mysql://localhost:3306/student-system?useSSL=false&serverTimezone=CTT&characterEncoding=UTF-8|select * from t_tag where type=?;|select * from t_tag where type='班级';
1591273519375|0|commit|connection 0|url jdbc:p6spy:mysql://localhost:3306/student-system?useSSL=false&serverTimezone=CTT&characterEncoding=UTF-8||
1591273519835|0|statement|connection 0|url jdbc:p6spy:mysql://localhost:3306/student-system?useSSL=false&serverTimezone=CTT&characterEncoding=UTF-8|select * from t_tag limit ?,2;|select * from t_tag limit 0,2;
1591273519836|0|commit|connection 0|url jdbc:p6spy:mysql://localhost:3306/student-system?useSSL=false&serverTimezone=CTT&characterEncoding=UTF-8||
1591273519838|0|statement|connection 0|url jdbc:p6spy:mysql://localhost:3306/student-system?useSSL=false&serverTimezone=CTT&characterEncoding=UTF-8|select * from t_tag;|select * from t_tag;
1591273520560|0|statement|connection 0|url jdbc:p6spy:mysql://localhost:3306/student-system?useSSL=false&serverTimezone=CTT&characterEncoding=UTF-8|SELECT COUNT(1) FROM t_city|SELECT COUNT(1) FROM t_city
1591273520566|0|statement|connection 0|url jdbc:p6spy:mysql://localhost:3306/student-system?useSSL=false&serverTimezone=CTT&characterEncoding=UTF-8|SELECT  id,name,createTime,numbers  FROM t_city LIMIT ?,?|SELECT  id,name,createTime,numbers  FROM t_city LIMIT 0,2
1591273521777|0|statement|connection 0|url jdbc:p6spy:mysql://localhost:3306/student-system?useSSL=false&serverTimezone=CTT&characterEncoding=UTF-8|select * from t_student;|select * from t_student;
1591273521779|0|statement|connection 0|url jdbc:p6spy:mysql://localhost:3306/student-system?useSSL=false&serverTimezone=CTT&characterEncoding=UTF-8|select * from t_student_tag where studentid=?;|select * from t_student_tag where studentid=4;
1591273521780|0|statement|connection 0|url jdbc:p6spy:mysql://localhost:3306/student-system?useSSL=false&serverTimezone=CTT&characterEncoding=UTF-8|SELECT id,name,type,createTime FROM t_tag WHERE id=? |SELECT id,name,type,createTime FROM t_tag WHERE id=5 
1591273521781|0|statement|connection 0|url jdbc:p6spy:mysql://localhost:3306/student-system?useSSL=false&serverTimezone=CTT&characterEncoding=UTF-8|SELECT id,name,createTime,numbers FROM t_city WHERE id=? |SELECT id,name,createTime,numbers FROM t_city WHERE id=2 
1591273521782|0|statement|connection 0|url jdbc:p6spy:mysql://localhost:3306/student-system?useSSL=false&serverTimezone=CTT&characterEncoding=UTF-8|select name from t_group where id=?;|select name from t_group where id=5;
1591273521784|0|statement|connection 0|url jdbc:p6spy:mysql://localhost:3306/student-system?useSSL=false&serverTimezone=CTT&characterEncoding=UTF-8|select name from t_clazz where  id=?;|select name from t_clazz where  id=2;
1591273521785|0|statement|connection 0|url jdbc:p6spy:mysql://localhost:3306/student-system?useSSL=false&serverTimezone=CTT&characterEncoding=UTF-8|select * from t_student_tag where studentid=?;|select * from t_student_tag where studentid=5;
1591273521786|0|statement|connection 0|url jdbc:p6spy:mysql://localhost:3306/student-system?useSSL=false&serverTimezone=CTT&characterEncoding=UTF-8|SELECT id,name,type,createTime FROM t_tag WHERE id=? |SELECT id,name,type,createTime FROM t_tag WHERE id=1 
1591273521787|0|statement|connection 0|url jdbc:p6spy:mysql://localhost:3306/student-system?useSSL=false&serverTimezone=CTT&characterEncoding=UTF-8|SELECT id,name,createTime,numbers FROM t_city WHERE id=? |SELECT id,name,createTime,numbers FROM t_city WHERE id=1 
1591273521788|0|statement|connection 0|url jdbc:p6spy:mysql://localhost:3306/student-system?useSSL=false&serverTimezone=CTT&characterEncoding=UTF-8|select name from t_group where id=?;|select name from t_group where id=1;
1591273521789|0|statement|connection 0|url jdbc:p6spy:mysql://localhost:3306/student-system?useSSL=false&serverTimezone=CTT&characterEncoding=UTF-8|select name from t_clazz where  id=?;|select name from t_clazz where  id=1;
1591273521790|0|statement|connection 0|url jdbc:p6spy:mysql://localhost:3306/student-system?useSSL=false&serverTimezone=CTT&characterEncoding=UTF-8|select * from t_student_tag where studentid=?;|select * from t_student_tag where studentid=6;
1591273521792|0|statement|connection 0|url jdbc:p6spy:mysql://localhost:3306/student-system?useSSL=false&serverTimezone=CTT&characterEncoding=UTF-8|SELECT id,name,type,createTime FROM t_tag WHERE id=? |SELECT id,name,type,createTime FROM t_tag WHERE id=2 
1591273521793|0|statement|connection 0|url jdbc:p6spy:mysql://localhost:3306/student-system?useSSL=false&serverTimezone=CTT&characterEncoding=UTF-8|select * from t_student_tag where studentid=?;|select * from t_student_tag where studentid=7;
1591273521794|0|commit|connection 0|url jdbc:p6spy:mysql://localhost:3306/student-system?useSSL=false&serverTimezone=CTT&characterEncoding=UTF-8||
1591273522601|0|statement|connection 0|url jdbc:p6spy:mysql://localhost:3306/student-system?useSSL=false&serverTimezone=CTT&characterEncoding=UTF-8|select c.*,t.name tname             from t_group c             left join t_clazz t             on c.clazzid = t.id;|select c.*,t.name tname             from t_group c             left join t_clazz t             on c.clazzid = t.id;
1591273522602|0|commit|connection 0|url jdbc:p6spy:mysql://localhost:3306/student-system?useSSL=false&serverTimezone=CTT&characterEncoding=UTF-8||
1591273522649|0|statement|connection 0|url jdbc:p6spy:mysql://localhost:3306/student-system?useSSL=false&serverTimezone=CTT&characterEncoding=UTF-8|SELECT 	    c.*, t.id tid,         t.NAME tname,         t.createtime,         t.type         FROM         t_clazz c         LEFT JOIN t_tag t ON c.tagid = t.id|SELECT 	    c.*, t.id tid,         t.NAME tname,         t.createtime,         t.type         FROM         t_clazz c         LEFT JOIN t_tag t ON c.tagid = t.id
1591273522651|0|commit|connection 0|url jdbc:p6spy:mysql://localhost:3306/student-system?useSSL=false&serverTimezone=CTT&characterEncoding=UTF-8||
1591273523097|0|statement|connection 0|url jdbc:p6spy:mysql://localhost:3306/student-system?useSSL=false&serverTimezone=CTT&characterEncoding=UTF-8|SELECT 	    c.*, t.id tid,         t.NAME tname,         t.createtime,         t.type         FROM         t_clazz c         LEFT JOIN t_tag t ON c.tagid = t.id|SELECT 	    c.*, t.id tid,         t.NAME tname,         t.createtime,         t.type         FROM         t_clazz c         LEFT JOIN t_tag t ON c.tagid = t.id
1591273523098|0|commit|connection 0|url jdbc:p6spy:mysql://localhost:3306/student-system?useSSL=false&serverTimezone=CTT&characterEncoding=UTF-8||
1591273523143|0|statement|connection 0|url jdbc:p6spy:mysql://localhost:3306/student-system?useSSL=false&serverTimezone=CTT&characterEncoding=UTF-8|select * from t_tag where type=?;|select * from t_tag where type='班级';
1591273523143|0|commit|connection 0|url jdbc:p6spy:mysql://localhost:3306/student-system?useSSL=false&serverTimezone=CTT&characterEncoding=UTF-8||
1591273524033|0|statement|connection 0|url jdbc:p6spy:mysql://localhost:3306/student-system?useSSL=false&serverTimezone=CTT&characterEncoding=UTF-8|SELECT COUNT(1) FROM t_city|SELECT COUNT(1) FROM t_city
1591273524034|0|statement|connection 0|url jdbc:p6spy:mysql://localhost:3306/student-system?useSSL=false&serverTimezone=CTT&characterEncoding=UTF-8|SELECT  id,name,createTime,numbers  FROM t_city LIMIT ?,?|SELECT  id,name,createTime,numbers  FROM t_city LIMIT 0,2
